<?xml version="1.0" encoding="UTF-8"?>
<testsuite name="FizzBuzzTest" tests="2" skipped="0" failures="0" errors="0" timestamp="2020-03-06T10:26:25" hostname="enzo-VivoBook-ASUSLaptop-X530FN-S530FN" time="0.001">
  <properties/>
  <testcase name="fizzbuzz_should_return_fizz_if_dividable_by_three" classname="FizzBuzzTest" time="0.001"/>
  <testcase name="fizzbuzz_should_return_empty_string_if_not_dividable_by_three_or_five" classname="FizzBuzzTest" time="0.0"/>
  <system-out><![CDATA[]]></system-out>
  <system-err><![CDATA[]]></system-err>
</testsuite>
